<?xml version="1.0" encoding="UTF-8"?>
<testsuites>
  <testsuite name="generate_data" timestamp="2023-12-19T14:00:08Z" hostname="85c36553f228" tests="4" skipped="0" failures="0" errors="0" time="0.045">
    <testcase time="0.01" classname="generate_data" name="generate_data_works_as_expected"/>
    <testcase time="0.018" classname="generate_data" name="generate_data_works_as_expected"/>
    <testcase time="0.015" classname="generate_data" name="generate_data_works_as_expected"/>
    <testcase time="0.002" classname="generate_data" name="generate_data_works_as_expected"/>
  </testsuite>
  <testsuite name="inc_prop" timestamp="2023-12-19T14:00:08Z" hostname="85c36553f228" tests="2" skipped="0" failures="0" errors="0" time="0.077">
    <testcase time="0.076" classname="inc_prop" name="inc_prop_works_as_expected"/>
    <testcase time="0.001" classname="inc_prop" name="inc_prop_works_as_expected"/>
  </testsuite>
  <testsuite name="one_minus_kaplan_meier" timestamp="2023-12-19T14:00:08Z" hostname="85c36553f228" tests="2" skipped="0" failures="1" errors="0" time="0.795">
    <testcase time="0.769" classname="one_minus_kaplan_meier" name="one_minus_kaplan_meier_works_as_expected">
      <failure type="failure" message="`result` not equal to `expected`. ('test-one_minus_kaplan_meier.R:12:3')">`result` not equal to `expected`.
2/2 mismatches (average diff: 0.0838)
[1] 0.3771 - 0.5415 == -0.1643
[2] 0.0261 - 0.0228 ==  0.0033</failure>
    </testcase>
    <testcase time="0.026" classname="one_minus_kaplan_meier" name="one_minus_kaplan_meier_also_works_without_competing_events"/>
  </testsuite>
  <testsuite name="prop_trans_inc_dens" timestamp="2023-12-19T14:00:09Z" hostname="85c36553f228" tests="1" skipped="0" failures="0" errors="0" time="0.013">
    <testcase time="0.0130000000000001" classname="prop_trans_inc_dens" name="prop_trans_inc_dens_works_as_expected"/>
  </testsuite>
  <testsuite name="prop_trans_inc_dens_ce" timestamp="2023-12-19T14:00:09Z" hostname="85c36553f228" tests="1" skipped="0" failures="0" errors="0" time="0.006">
    <testcase time="0.00600000000000001" classname="prop_trans_inc_dens_ce" name="prop_trans_inc_dens_ce_works_as_expected"/>
  </testsuite>
</testsuites>
