<?xml version="1.0" encoding="UTF-8"?>
<testsuites>
  <testsuite name="aalen_johansen" timestamp="2024-02-06T08:21:18Z" hostname="cfadfa561d08" tests="4" skipped="0" failures="0" errors="0" time="0.942">
    <testcase time="0.841" classname="aalen_johansen" name="Aalen_Johansen_works_as_expected"/>
    <testcase time="0.0760000000000001" classname="aalen_johansen" name="Aalen_Johansen_works_without_events"/>
    <testcase time="0.022" classname="aalen_johansen" name="Aalen_Johansen_works_without_competing_events"/>
    <testcase time="0.00299999999999989" classname="aalen_johansen" name="Aalen_Johansen_works_without_any_events"/>
  </testsuite>
  <testsuite name="generate_data" timestamp="2024-02-06T08:21:19Z" hostname="cfadfa561d08" tests="4" skipped="0" failures="0" errors="0" time="0.02">
    <testcase time="0.0170000000000001" classname="generate_data" name="generate_data_works_as_expected"/>
    <testcase time="0.00099999999999989" classname="generate_data" name="generate_data_works_as_expected"/>
    <testcase time="0.00100000000000011" classname="generate_data" name="generate_data_works_as_expected"/>
    <testcase time="0.00099999999999989" classname="generate_data" name="generate_data_works_as_expected"/>
  </testsuite>
  <testsuite name="inc_prop" timestamp="2024-02-06T08:21:19Z" hostname="cfadfa561d08" tests="2" skipped="0" failures="0" errors="0" time="0.039">
    <testcase time="0.038" classname="inc_prop" name="inc_prop_works_as_expected"/>
    <testcase time="0.00100000000000011" classname="inc_prop" name="inc_prop_works_as_expected"/>
  </testsuite>
  <testsuite name="one_minus_kaplan_meier" timestamp="2024-02-06T08:21:19Z" hostname="cfadfa561d08" tests="2" skipped="0" failures="0" errors="0" time="0.021">
    <testcase time="0.0169999999999999" classname="one_minus_kaplan_meier" name="one_minus_kaplan_meier_works_as_expected"/>
    <testcase time="0.004" classname="one_minus_kaplan_meier" name="one_minus_kaplan_meier_also_works_without_competing_events"/>
  </testsuite>
  <testsuite name="prop_trans_inc_dens" timestamp="2024-02-06T08:21:19Z" hostname="cfadfa561d08" tests="1" skipped="0" failures="0" errors="0" time="0.005">
    <testcase time="0.00500000000000012" classname="prop_trans_inc_dens" name="prop_trans_inc_dens_works_as_expected"/>
  </testsuite>
  <testsuite name="prop_trans_inc_dens_ce" timestamp="2024-02-06T08:21:19Z" hostname="cfadfa561d08" tests="1" skipped="0" failures="0" errors="0" time="0.006">
    <testcase time="0.00600000000000001" classname="prop_trans_inc_dens_ce" name="prop_trans_inc_dens_ce_works_as_expected"/>
  </testsuite>
</testsuites>
