<?xml version="1.0" encoding="UTF-8"?>
<testsuites>
  <testsuite name="aalen_johansen" timestamp="2025-04-15T05:51:42Z" hostname="916644d9700a" tests="4" skipped="0" failures="0" errors="0" time="0.916">
    <testcase time="0.815" classname="aalen_johansen" name="Aalen_Johansen_works_as_expected"/>
    <testcase time="0.0579999999999998" classname="aalen_johansen" name="Aalen_Johansen_works_without_events"/>
    <testcase time="0.0390000000000001" classname="aalen_johansen" name="Aalen_Johansen_works_without_competing_events"/>
    <testcase time="0.004" classname="aalen_johansen" name="Aalen_Johansen_works_without_any_events"/>
  </testsuite>
  <testsuite name="assert" timestamp="2025-04-15T05:51:43Z" hostname="916644d9700a" tests="6" skipped="0" failures="0" errors="0" time="0.039">
    <testcase time="0.0129999999999999" classname="assert" name="assert_ae_data_passes_as_expected"/>
    <testcase time="0.00100000000000011" classname="assert" name="assert_ae_data_passes_as_expected"/>
    <testcase time="0.0089999999999999" classname="assert" name="assert_ae_data_fails_as_expected"/>
    <testcase time="0.00500000000000012" classname="assert" name="assert_ae_data_fails_as_expected"/>
    <testcase time="0.00399999999999978" classname="assert" name="assert_ae_data_fails_as_expected"/>
    <testcase time="0.00700000000000012" classname="assert" name="assert_ae_data_fails_as_expected"/>
  </testsuite>
  <testsuite name="generate_data" timestamp="2025-04-15T05:51:43Z" hostname="916644d9700a" tests="5" skipped="0" failures="0" errors="0" time="0.275">
    <testcase time="0.0169999999999999" classname="generate_data" name="generate_data_works_as_expected"/>
    <testcase time="0.00100000000000011" classname="generate_data" name="generate_data_works_as_expected"/>
    <testcase time="0.00099999999999989" classname="generate_data" name="generate_data_works_as_expected"/>
    <testcase time="0.00100000000000011" classname="generate_data" name="generate_data_works_as_expected"/>
    <testcase time="0.255" classname="generate_data" name="generate_data_correctly_..._"/>
  </testsuite>
  <testsuite name="inc_prop" timestamp="2025-04-15T05:51:44Z" hostname="916644d9700a" tests="1" skipped="0" failures="0" errors="0" time="0.007">
    <testcase time="0.00700000000000012" classname="inc_prop" name="inc_prop_works_as_expected"/>
  </testsuite>
  <testsuite name="one_minus_kaplan_meier" timestamp="2025-04-15T05:51:44Z" hostname="916644d9700a" tests="2" skipped="0" failures="0" errors="0" time="0.021">
    <testcase time="0.0169999999999999" classname="one_minus_kaplan_meier" name="one_minus_kaplan_meier_works_as_expected"/>
    <testcase time="0.004" classname="one_minus_kaplan_meier" name="one_minus_kaplan_meier_also_works_without_competing_events"/>
  </testsuite>
  <testsuite name="prop_trans_inc_dens" timestamp="2025-04-15T05:51:44Z" hostname="916644d9700a" tests="1" skipped="0" failures="0" errors="0" time="0.006">
    <testcase time="0.00600000000000001" classname="prop_trans_inc_dens" name="prop_trans_inc_dens_works_as_expected"/>
  </testsuite>
  <testsuite name="prop_trans_inc_dens_ce" timestamp="2025-04-15T05:51:44Z" hostname="916644d9700a" tests="1" skipped="0" failures="0" errors="0" time="0.005">
    <testcase time="0.00500000000000012" classname="prop_trans_inc_dens_ce" name="prop_trans_inc_dens_ce_works_as_expected"/>
  </testsuite>
</testsuites>
