<?xml version="1.0" encoding="UTF-8"?>
<testsuites>
  <testsuite name="generate_data" timestamp="2023-06-06T11:33:28Z" hostname="77175916931b" tests="4" skipped="0" failures="0" errors="0" time="0.094">
    <testcase time="0.014" classname="generate_data" name="generate_data_works_as_expected"/>
    <testcase time="0.0659999999999999" classname="generate_data" name="generate_data_works_as_expected"/>
    <testcase time="0.013" classname="generate_data" name="generate_data_works_as_expected"/>
    <testcase time="0.001" classname="generate_data" name="generate_data_works_as_expected"/>
  </testsuite>
  <testsuite name="inc_prop" timestamp="2023-06-06T11:33:28Z" hostname="77175916931b" tests="2" skipped="0" failures="0" errors="0" time="0.067">
    <testcase time="0.0659999999999999" classname="inc_prop" name="inc_prop_works_as_expected"/>
    <testcase time="0.001" classname="inc_prop" name="inc_prop_works_as_expected"/>
  </testsuite>
  <testsuite name="prop_trans_inc_dens" timestamp="2023-06-06T11:33:28Z" hostname="77175916931b" tests="1" skipped="0" failures="0" errors="0" time="0.026">
    <testcase time="0.026" classname="prop_trans_inc_dens" name="prop_trans_inc_dens_works_as_expected"/>
  </testsuite>
  <testsuite name="prop_trans_inc_dens_ce" timestamp="2023-06-06T11:33:28Z" hostname="77175916931b" tests="1" skipped="0" failures="0" errors="0" time="0.008">
    <testcase time="0.00800000000000001" classname="prop_trans_inc_dens_ce" name="prop_trans_inc_dens_ce_works_as_expected"/>
  </testsuite>
</testsuites>
