<?xml version="1.0" encoding="UTF-8"?>
<testsuites>
  <testsuite name="api" timestamp="2023-04-27T07:31:26Z" hostname="fbfd598f214b" tests="1" skipped="0" failures="0" errors="0" time="4.546">
    <testcase time="4.546" classname="api" name="API_greets_the_person"/>
  </testsuite>
  <testsuite name="generate_data" timestamp="2023-04-27T07:31:30Z" hostname="fbfd598f214b" tests="4" skipped="0" failures="0" errors="0" time="0.079">
    <testcase time="0.0600000000000005" classname="generate_data" name="generate_data_works_as_expected"/>
    <testcase time="0.00199999999999978" classname="generate_data" name="generate_data_works_as_expected"/>
    <testcase time="0.0149999999999997" classname="generate_data" name="generate_data_works_as_expected"/>
    <testcase time="0.00200000000000067" classname="generate_data" name="generate_data_works_as_expected"/>
  </testsuite>
  <testsuite name="hello" timestamp="2023-04-27T07:31:30Z" hostname="fbfd598f214b" tests="1" skipped="0" failures="0" errors="0" time="0.107">
    <testcase time="0.106999999999999" classname="hello" name="hello_greets_the_entity"/>
  </testsuite>
  <testsuite name="inc_prop" timestamp="2023-04-27T07:31:30Z" hostname="fbfd598f214b" tests="2" skipped="0" failures="0" errors="0" time="0.061">
    <testcase time="0.0590000000000002" classname="inc_prop" name="inc_prop_works_as_expected"/>
    <testcase time="0.00199999999999978" classname="inc_prop" name="inc_prop_works_as_expected"/>
  </testsuite>
  <testsuite name="prop_trans_inc_dens" timestamp="2023-04-27T07:31:30Z" hostname="fbfd598f214b" tests="1" skipped="0" failures="0" errors="0" time="0.01">
    <testcase time="0.0100000000000007" classname="prop_trans_inc_dens" name="prop_trans_inc_dens_works_as_expected"/>
  </testsuite>
  <testsuite name="prop_trans_inc_dens_ce" timestamp="2023-04-27T07:31:30Z" hostname="fbfd598f214b" tests="1" skipped="0" failures="0" errors="0" time="0.009">
    <testcase time="0.00899999999999945" classname="prop_trans_inc_dens_ce" name="prop_trans_inc_dens_ce_works_as_expected"/>
  </testsuite>
  <testsuite name="shiny" timestamp="2023-04-27T07:31:30Z" hostname="fbfd598f214b" tests="1" skipped="0" failures="0" errors="0" time="4.339">
    <testcase time="4.339" classname="shiny" name="The_Shiny_App_returns_a_proper_greeting"/>
  </testsuite>
</testsuites>
