<?xml version="1.0" encoding="UTF-8"?>
<testsuites>
  <testsuite name="api" timestamp="2023-05-26T15:13:27Z" hostname="62c9ca4921c2" tests="1" skipped="0" failures="0" errors="0" time="3.936">
    <testcase time="3.936" classname="api" name="API_greets_the_person"/>
  </testsuite>
  <testsuite name="generate_data" timestamp="2023-05-26T15:13:30Z" hostname="62c9ca4921c2" tests="4" skipped="0" failures="0" errors="0" time="0.048">
    <testcase time="0.0360000000000005" classname="generate_data" name="generate_data_works_as_expected"/>
    <testcase time="0.000999999999999446" classname="generate_data" name="generate_data_works_as_expected"/>
    <testcase time="0.0100000000000007" classname="generate_data" name="generate_data_works_as_expected"/>
    <testcase time="0.000999999999999446" classname="generate_data" name="generate_data_works_as_expected"/>
  </testsuite>
  <testsuite name="hello" timestamp="2023-05-26T15:13:31Z" hostname="62c9ca4921c2" tests="1" skipped="0" failures="0" errors="0" time="0.063">
    <testcase time="0.0630000000000006" classname="hello" name="hello_greets_the_entity"/>
  </testsuite>
  <testsuite name="inc_prop" timestamp="2023-05-26T15:13:31Z" hostname="62c9ca4921c2" tests="2" skipped="0" failures="0" errors="0" time="0.038">
    <testcase time="0.0369999999999999" classname="inc_prop" name="inc_prop_works_as_expected"/>
    <testcase time="0.000999999999999446" classname="inc_prop" name="inc_prop_works_as_expected"/>
  </testsuite>
  <testsuite name="prop_trans_inc_dens" timestamp="2023-05-26T15:13:31Z" hostname="62c9ca4921c2" tests="1" skipped="0" failures="0" errors="0" time="0.006">
    <testcase time="0.00600000000000023" classname="prop_trans_inc_dens" name="prop_trans_inc_dens_works_as_expected"/>
  </testsuite>
  <testsuite name="prop_trans_inc_dens_ce" timestamp="2023-05-26T15:13:31Z" hostname="62c9ca4921c2" tests="1" skipped="0" failures="0" errors="0" time="0.005">
    <testcase time="0.00499999999999989" classname="prop_trans_inc_dens_ce" name="prop_trans_inc_dens_ce_works_as_expected"/>
  </testsuite>
  <testsuite name="shiny" timestamp="2023-05-26T15:13:31Z" hostname="62c9ca4921c2" tests="1" skipped="0" failures="0" errors="0" time="3.307">
    <testcase time="3.307" classname="shiny" name="The_Shiny_App_returns_a_proper_greeting"/>
  </testsuite>
</testsuites>
