<?xml version="1.0" encoding="UTF-8"?>
<testsuites>
  <testsuite name="generate_data" timestamp="2023-07-18T08:39:01Z" hostname="ff38a17d6cf7" tests="4" skipped="0" failures="0" errors="0" time="0.094">
    <testcase time="0.0610000000000001" classname="generate_data" name="generate_data_works_as_expected"/>
    <testcase time="0.0209999999999999" classname="generate_data" name="generate_data_works_as_expected"/>
    <testcase time="0.011" classname="generate_data" name="generate_data_works_as_expected"/>
    <testcase time="0.001" classname="generate_data" name="generate_data_works_as_expected"/>
  </testsuite>
  <testsuite name="inc_prop" timestamp="2023-07-18T08:39:01Z" hostname="ff38a17d6cf7" tests="2" skipped="0" failures="0" errors="0" time="0.11">
    <testcase time="0.109" classname="inc_prop" name="inc_prop_works_as_expected"/>
    <testcase time="0.001" classname="inc_prop" name="inc_prop_works_as_expected"/>
  </testsuite>
  <testsuite name="prop_trans_inc_dens" timestamp="2023-07-18T08:39:01Z" hostname="ff38a17d6cf7" tests="1" skipped="0" failures="0" errors="0" time="0.021">
    <testcase time="0.021" classname="prop_trans_inc_dens" name="prop_trans_inc_dens_works_as_expected"/>
  </testsuite>
  <testsuite name="prop_trans_inc_dens_ce" timestamp="2023-07-18T08:39:01Z" hostname="ff38a17d6cf7" tests="1" skipped="0" failures="0" errors="0" time="0.009">
    <testcase time="0.00900000000000001" classname="prop_trans_inc_dens_ce" name="prop_trans_inc_dens_ce_works_as_expected"/>
  </testsuite>
</testsuites>
