<?xml version="1.0" encoding="UTF-8"?>
<testsuites>
  <testsuite name="api" timestamp="2023-03-08T09:46:20Z" hostname="d45ab7851602" tests="1" skipped="0" failures="0" errors="0" time="3.931">
    <testcase time="3.931" classname="api" name="API_greets_the_person"/>
  </testsuite>
  <testsuite name="generate_data" timestamp="2023-03-08T09:46:24Z" hostname="d45ab7851602" tests="4" skipped="0" failures="0" errors="0" time="0.048">
    <testcase time="0.0350000000000001" classname="generate_data" name="generate_data_works_as_expected"/>
    <testcase time="0.00199999999999978" classname="generate_data" name="generate_data_works_as_expected"/>
    <testcase time="0.00900000000000034" classname="generate_data" name="generate_data_works_as_expected"/>
    <testcase time="0.00199999999999978" classname="generate_data" name="generate_data_works_as_expected"/>
  </testsuite>
  <testsuite name="hello" timestamp="2023-03-08T09:46:24Z" hostname="d45ab7851602" tests="1" skipped="0" failures="0" errors="0" time="0.063">
    <testcase time="0.0629999999999997" classname="hello" name="hello_greets_the_entity"/>
  </testsuite>
  <testsuite name="inc_prop" timestamp="2023-03-08T09:46:24Z" hostname="d45ab7851602" tests="2" skipped="0" failures="0" errors="0" time="0.037">
    <testcase time="0.0360000000000005" classname="inc_prop" name="inc_prop_works_as_expected"/>
    <testcase time="0.000999999999999446" classname="inc_prop" name="inc_prop_works_as_expected"/>
  </testsuite>
  <testsuite name="prop_trans_inc_dens" timestamp="2023-03-08T09:46:24Z" hostname="d45ab7851602" tests="1" skipped="0" failures="0" errors="0" time="0.006">
    <testcase time="0.00600000000000023" classname="prop_trans_inc_dens" name="prop_trans_inc_dens_works_as_expected"/>
  </testsuite>
  <testsuite name="shiny" timestamp="2023-03-08T09:46:24Z" hostname="d45ab7851602" tests="1" skipped="0" failures="0" errors="0" time="3.228">
    <testcase time="3.228" classname="shiny" name="The_Shiny_App_returns_a_proper_greeting"/>
  </testsuite>
</testsuites>
