<?xml version="1.0" encoding="UTF-8"?>
<testsuites>
  <testsuite name="aalen_johansen" timestamp="2024-02-20T09:43:43Z" hostname="c6e0d56690f3" tests="4" skipped="0" failures="0" errors="0" time="0.942">
    <testcase time="0.843" classname="aalen_johansen" name="Aalen_Johansen_works_as_expected"/>
    <testcase time="0.0740000000000001" classname="aalen_johansen" name="Aalen_Johansen_works_without_events"/>
    <testcase time="0.0210000000000001" classname="aalen_johansen" name="Aalen_Johansen_works_without_competing_events"/>
    <testcase time="0.00399999999999978" classname="aalen_johansen" name="Aalen_Johansen_works_without_any_events"/>
  </testsuite>
  <testsuite name="assert" timestamp="2024-02-20T09:43:43Z" hostname="c6e0d56690f3" tests="6" skipped="0" failures="0" errors="0" time="0.043">
    <testcase time="0.018" classname="assert" name="assert_ae_data_passes_as_expected"/>
    <testcase time="0.00100000000000011" classname="assert" name="assert_ae_data_passes_as_expected"/>
    <testcase time="0.01" classname="assert" name="assert_ae_data_fails_as_expected"/>
    <testcase time="0.004" classname="assert" name="assert_ae_data_fails_as_expected"/>
    <testcase time="0.00499999999999989" classname="assert" name="assert_ae_data_fails_as_expected"/>
    <testcase time="0.00500000000000012" classname="assert" name="assert_ae_data_fails_as_expected"/>
  </testsuite>
  <testsuite name="generate_data" timestamp="2024-02-20T09:43:44Z" hostname="c6e0d56690f3" tests="4" skipped="0" failures="0" errors="0" time="0.019">
    <testcase time="0.0149999999999999" classname="generate_data" name="generate_data_works_as_expected"/>
    <testcase time="0.00100000000000011" classname="generate_data" name="generate_data_works_as_expected"/>
    <testcase time="0.00099999999999989" classname="generate_data" name="generate_data_works_as_expected"/>
    <testcase time="0.002" classname="generate_data" name="generate_data_works_as_expected"/>
  </testsuite>
  <testsuite name="inc_prop" timestamp="2024-02-20T09:43:44Z" hostname="c6e0d56690f3" tests="1" skipped="0" failures="0" errors="0" time="0.005">
    <testcase time="0.00500000000000012" classname="inc_prop" name="inc_prop_works_as_expected"/>
  </testsuite>
  <testsuite name="one_minus_kaplan_meier" timestamp="2024-02-20T09:43:44Z" hostname="c6e0d56690f3" tests="2" skipped="0" failures="0" errors="0" time="0.02">
    <testcase time="0.0169999999999999" classname="one_minus_kaplan_meier" name="one_minus_kaplan_meier_works_as_expected"/>
    <testcase time="0.00300000000000011" classname="one_minus_kaplan_meier" name="one_minus_kaplan_meier_also_works_without_competing_events"/>
  </testsuite>
  <testsuite name="prop_trans_inc_dens" timestamp="2024-02-20T09:43:44Z" hostname="c6e0d56690f3" tests="1" skipped="0" failures="0" errors="0" time="0.006">
    <testcase time="0.00600000000000001" classname="prop_trans_inc_dens" name="prop_trans_inc_dens_works_as_expected"/>
  </testsuite>
  <testsuite name="prop_trans_inc_dens_ce" timestamp="2024-02-20T09:43:44Z" hostname="c6e0d56690f3" tests="1" skipped="0" failures="0" errors="0" time="0.005">
    <testcase time="0.00499999999999989" classname="prop_trans_inc_dens_ce" name="prop_trans_inc_dens_ce_works_as_expected"/>
  </testsuite>
</testsuites>
