<?xml version="1.0" encoding="UTF-8"?>
<testsuites>
  <testsuite name="generate_data" timestamp="2023-11-22T14:35:04Z" hostname="02402ef6e152" tests="4" skipped="0" failures="0" errors="0" time="0.064">
    <testcase time="0.038" classname="generate_data" name="generate_data_works_as_expected"/>
    <testcase time="0.016" classname="generate_data" name="generate_data_works_as_expected"/>
    <testcase time="0.00900000000000001" classname="generate_data" name="generate_data_works_as_expected"/>
    <testcase time="0.001" classname="generate_data" name="generate_data_works_as_expected"/>
  </testsuite>
  <testsuite name="inc_prop" timestamp="2023-11-22T14:35:04Z" hostname="02402ef6e152" tests="2" skipped="0" failures="0" errors="0" time="0.087">
    <testcase time="0.086" classname="inc_prop" name="inc_prop_works_as_expected"/>
    <testcase time="0.001" classname="inc_prop" name="inc_prop_works_as_expected"/>
  </testsuite>
  <testsuite name="prop_trans_inc_dens" timestamp="2023-11-22T14:35:04Z" hostname="02402ef6e152" tests="1" skipped="0" failures="0" errors="0" time="0.015">
    <testcase time="0.015" classname="prop_trans_inc_dens" name="prop_trans_inc_dens_works_as_expected"/>
  </testsuite>
  <testsuite name="prop_trans_inc_dens_ce" timestamp="2023-11-22T14:35:04Z" hostname="02402ef6e152" tests="1" skipped="0" failures="0" errors="0" time="0.007">
    <testcase time="0.00700000000000001" classname="prop_trans_inc_dens_ce" name="prop_trans_inc_dens_ce_works_as_expected"/>
  </testsuite>
</testsuites>
