<?xml version="1.0" encoding="UTF-8"?>
<testsuites>
  <testsuite name="generate_data" timestamp="2024-02-05T14:06:20Z" hostname="f27146f0cde1" tests="4" skipped="0" failures="0" errors="0" time="0.099">
    <testcase time="0.00900000000000001" classname="generate_data" name="generate_data_works_as_expected"/>
    <testcase time="0.082" classname="generate_data" name="generate_data_works_as_expected"/>
    <testcase time="0.00700000000000001" classname="generate_data" name="generate_data_works_as_expected"/>
    <testcase time="0.001" classname="generate_data" name="generate_data_works_as_expected"/>
  </testsuite>
  <testsuite name="inc_prop" timestamp="2024-02-05T14:06:20Z" hostname="f27146f0cde1" tests="2" skipped="0" failures="0" errors="0" time="0.08">
    <testcase time="0.079" classname="inc_prop" name="inc_prop_works_as_expected"/>
    <testcase time="0.001" classname="inc_prop" name="inc_prop_works_as_expected"/>
  </testsuite>
  <testsuite name="one_minus_kaplan_meier" timestamp="2024-02-05T14:06:20Z" hostname="f27146f0cde1" tests="2" skipped="0" failures="0" errors="0" time="0.765">
    <testcase time="0.761" classname="one_minus_kaplan_meier" name="one_minus_kaplan_meier_works_as_expected"/>
    <testcase time="0.004" classname="one_minus_kaplan_meier" name="one_minus_kaplan_meier_also_works_without_competing_events"/>
  </testsuite>
  <testsuite name="prop_trans_inc_dens" timestamp="2024-02-05T14:06:21Z" hostname="f27146f0cde1" tests="1" skipped="0" failures="0" errors="0" time="0.006">
    <testcase time="0.00600000000000001" classname="prop_trans_inc_dens" name="prop_trans_inc_dens_works_as_expected"/>
  </testsuite>
  <testsuite name="prop_trans_inc_dens_ce" timestamp="2024-02-05T14:06:21Z" hostname="f27146f0cde1" tests="1" skipped="0" failures="0" errors="0" time="0.005">
    <testcase time="0.00499999999999989" classname="prop_trans_inc_dens_ce" name="prop_trans_inc_dens_ce_works_as_expected"/>
  </testsuite>
</testsuites>
