<?xml version="1.0" encoding="UTF-8"?>
<testsuites>
  <testsuite name="generate_data" timestamp="2024-01-09T14:14:04Z" hostname="37b7c8c1d361" tests="4" skipped="0" failures="0" errors="0" time="0.044">
    <testcase time="0.00999999999999995" classname="generate_data" name="generate_data_works_as_expected"/>
    <testcase time="0.018" classname="generate_data" name="generate_data_works_as_expected"/>
    <testcase time="0.015" classname="generate_data" name="generate_data_works_as_expected"/>
    <testcase time="0.001" classname="generate_data" name="generate_data_works_as_expected"/>
  </testsuite>
  <testsuite name="inc_prop" timestamp="2024-01-09T14:14:04Z" hostname="37b7c8c1d361" tests="2" skipped="0" failures="0" errors="0" time="0.078">
    <testcase time="0.077" classname="inc_prop" name="inc_prop_works_as_expected"/>
    <testcase time="0.001" classname="inc_prop" name="inc_prop_works_as_expected"/>
  </testsuite>
  <testsuite name="prop_trans_inc_dens" timestamp="2024-01-09T14:14:04Z" hostname="37b7c8c1d361" tests="1" skipped="0" failures="0" errors="0" time="0.017">
    <testcase time="0.017" classname="prop_trans_inc_dens" name="prop_trans_inc_dens_works_as_expected"/>
  </testsuite>
  <testsuite name="prop_trans_inc_dens_ce" timestamp="2024-01-09T14:14:04Z" hostname="37b7c8c1d361" tests="1" skipped="0" failures="0" errors="0" time="0.006">
    <testcase time="0.00600000000000001" classname="prop_trans_inc_dens_ce" name="prop_trans_inc_dens_ce_works_as_expected"/>
  </testsuite>
</testsuites>
