<?xml version="1.0" encoding="UTF-8"?>
<testsuites>
  <testsuite name="generate_data" timestamp="2023-10-16T12:55:26Z" hostname="9f3830f7e8ca" tests="4" skipped="0" failures="0" errors="0" time="0.09">
    <testcase time="0.055" classname="generate_data" name="generate_data_works_as_expected"/>
    <testcase time="0.021" classname="generate_data" name="generate_data_works_as_expected"/>
    <testcase time="0.0119999999999999" classname="generate_data" name="generate_data_works_as_expected"/>
    <testcase time="0.002" classname="generate_data" name="generate_data_works_as_expected"/>
  </testsuite>
  <testsuite name="inc_prop" timestamp="2023-10-16T12:55:26Z" hostname="9f3830f7e8ca" tests="2" skipped="0" failures="0" errors="0" time="0.115">
    <testcase time="0.113" classname="inc_prop" name="inc_prop_works_as_expected"/>
    <testcase time="0.002" classname="inc_prop" name="inc_prop_works_as_expected"/>
  </testsuite>
  <testsuite name="prop_trans_inc_dens" timestamp="2023-10-16T12:55:26Z" hostname="9f3830f7e8ca" tests="1" skipped="0" failures="0" errors="0" time="0.021">
    <testcase time="0.0209999999999999" classname="prop_trans_inc_dens" name="prop_trans_inc_dens_works_as_expected"/>
  </testsuite>
  <testsuite name="prop_trans_inc_dens_ce" timestamp="2023-10-16T12:55:26Z" hostname="9f3830f7e8ca" tests="1" skipped="0" failures="0" errors="0" time="0.009">
    <testcase time="0.00900000000000001" classname="prop_trans_inc_dens_ce" name="prop_trans_inc_dens_ce_works_as_expected"/>
  </testsuite>
</testsuites>
