<?xml version="1.0" encoding="UTF-8"?>
<testsuites>
  <testsuite name="aalen_johansen" timestamp="2025-05-07T15:24:02Z" hostname="ba11b81833bf" tests="4" skipped="0" failures="0" errors="0" time="0.866">
    <testcase time="0.746" classname="aalen_johansen" name="Aalen_Johansen_works_as_expected"/>
    <testcase time="0.0509999999999999" classname="aalen_johansen" name="Aalen_Johansen_works_without_events"/>
    <testcase time="0.0650000000000002" classname="aalen_johansen" name="Aalen_Johansen_works_without_competing_events"/>
    <testcase time="0.004" classname="aalen_johansen" name="Aalen_Johansen_works_without_any_events"/>
  </testsuite>
  <testsuite name="assert" timestamp="2025-05-07T15:24:03Z" hostname="ba11b81833bf" tests="6" skipped="0" failures="0" errors="0" time="0.154">
    <testcase time="0.014" classname="assert" name="assert_ae_data_passes_as_expected"/>
    <testcase time="0.00099999999999989" classname="assert" name="assert_ae_data_passes_as_expected"/>
    <testcase time="0.00900000000000012" classname="assert" name="assert_ae_data_fails_as_expected"/>
    <testcase time="0.12" classname="assert" name="assert_ae_data_fails_as_expected"/>
    <testcase time="0.00500000000000012" classname="assert" name="assert_ae_data_fails_as_expected"/>
    <testcase time="0.00499999999999989" classname="assert" name="assert_ae_data_fails_as_expected"/>
  </testsuite>
  <testsuite name="generate_data" timestamp="2025-05-07T15:24:03Z" hostname="ba11b81833bf" tests="5" skipped="0" failures="0" errors="0" time="0.252">
    <testcase time="0.016" classname="generate_data" name="generate_data_works_as_expected"/>
    <testcase time="0.002" classname="generate_data" name="generate_data_works_as_expected"/>
    <testcase time="0.00100000000000011" classname="generate_data" name="generate_data_works_as_expected"/>
    <testcase time="0.00099999999999989" classname="generate_data" name="generate_data_works_as_expected"/>
    <testcase time="0.232" classname="generate_data" name="generate_data_correctly_..._"/>
  </testsuite>
  <testsuite name="inc_prop" timestamp="2025-05-07T15:24:03Z" hostname="ba11b81833bf" tests="1" skipped="0" failures="0" errors="0" time="0.007">
    <testcase time="0.00700000000000012" classname="inc_prop" name="inc_prop_works_as_expected"/>
  </testsuite>
  <testsuite name="one_minus_kaplan_meier" timestamp="2025-05-07T15:24:03Z" hostname="ba11b81833bf" tests="2" skipped="0" failures="0" errors="0" time="0.022">
    <testcase time="0.018" classname="one_minus_kaplan_meier" name="one_minus_kaplan_meier_works_as_expected"/>
    <testcase time="0.004" classname="one_minus_kaplan_meier" name="one_minus_kaplan_meier_also_works_without_competing_events"/>
  </testsuite>
  <testsuite name="prop_trans_inc_dens" timestamp="2025-05-07T15:24:03Z" hostname="ba11b81833bf" tests="1" skipped="0" failures="0" errors="0" time="0.005">
    <testcase time="0.00499999999999989" classname="prop_trans_inc_dens" name="prop_trans_inc_dens_works_as_expected"/>
  </testsuite>
  <testsuite name="prop_trans_inc_dens_ce" timestamp="2025-05-07T15:24:03Z" hostname="ba11b81833bf" tests="1" skipped="0" failures="0" errors="0" time="0.006">
    <testcase time="0.00600000000000001" classname="prop_trans_inc_dens_ce" name="prop_trans_inc_dens_ce_works_as_expected"/>
  </testsuite>
</testsuites>
