<?xml version="1.0" encoding="UTF-8"?>
<testsuites>
  <testsuite name="generate_data" timestamp="2024-01-09T14:19:19Z" hostname="e89286e9c1fa" tests="4" skipped="0" failures="0" errors="0" time="0.049">
    <testcase time="0.011" classname="generate_data" name="generate_data_works_as_expected"/>
    <testcase time="0.02" classname="generate_data" name="generate_data_works_as_expected"/>
    <testcase time="0.016" classname="generate_data" name="generate_data_works_as_expected"/>
    <testcase time="0.002" classname="generate_data" name="generate_data_works_as_expected"/>
  </testsuite>
  <testsuite name="inc_prop" timestamp="2024-01-09T14:19:19Z" hostname="e89286e9c1fa" tests="2" skipped="0" failures="0" errors="0" time="0.084">
    <testcase time="0.082" classname="inc_prop" name="inc_prop_works_as_expected"/>
    <testcase time="0.002" classname="inc_prop" name="inc_prop_works_as_expected"/>
  </testsuite>
  <testsuite name="prop_trans_inc_dens" timestamp="2024-01-09T14:19:19Z" hostname="e89286e9c1fa" tests="1" skipped="0" failures="0" errors="0" time="0.017">
    <testcase time="0.017" classname="prop_trans_inc_dens" name="prop_trans_inc_dens_works_as_expected"/>
  </testsuite>
  <testsuite name="prop_trans_inc_dens_ce" timestamp="2024-01-09T14:19:19Z" hostname="e89286e9c1fa" tests="1" skipped="0" failures="0" errors="0" time="0.008">
    <testcase time="0.00800000000000001" classname="prop_trans_inc_dens_ce" name="prop_trans_inc_dens_ce_works_as_expected"/>
  </testsuite>
</testsuites>
