<?xml version="1.0" encoding="UTF-8"?>
<testsuites>
  <testsuite name="generate_data" timestamp="2024-02-06T08:17:41Z" hostname="8d52a185613e" tests="4" skipped="0" failures="0" errors="0" time="0.138">
    <testcase time="0.01" classname="generate_data" name="generate_data_works_as_expected"/>
    <testcase time="0.118" classname="generate_data" name="generate_data_works_as_expected"/>
    <testcase time="0.00800000000000001" classname="generate_data" name="generate_data_works_as_expected"/>
    <testcase time="0.002" classname="generate_data" name="generate_data_works_as_expected"/>
  </testsuite>
  <testsuite name="inc_prop" timestamp="2024-02-06T08:17:41Z" hostname="8d52a185613e" tests="2" skipped="0" failures="0" errors="0" time="0.086">
    <testcase time="0.085" classname="inc_prop" name="inc_prop_works_as_expected"/>
    <testcase time="0.001" classname="inc_prop" name="inc_prop_works_as_expected"/>
  </testsuite>
  <testsuite name="one_minus_kaplan_meier" timestamp="2024-02-06T08:17:42Z" hostname="8d52a185613e" tests="2" skipped="0" failures="0" errors="0" time="0.831">
    <testcase time="0.827" classname="one_minus_kaplan_meier" name="one_minus_kaplan_meier_works_as_expected"/>
    <testcase time="0.004" classname="one_minus_kaplan_meier" name="one_minus_kaplan_meier_also_works_without_competing_events"/>
  </testsuite>
  <testsuite name="prop_trans_inc_dens" timestamp="2024-02-06T08:17:42Z" hostname="8d52a185613e" tests="1" skipped="0" failures="0" errors="0" time="0.007">
    <testcase time="0.0069999999999999" classname="prop_trans_inc_dens" name="prop_trans_inc_dens_works_as_expected"/>
  </testsuite>
  <testsuite name="prop_trans_inc_dens_ce" timestamp="2024-02-06T08:17:42Z" hostname="8d52a185613e" tests="1" skipped="0" failures="0" errors="0" time="0.007">
    <testcase time="0.00700000000000012" classname="prop_trans_inc_dens_ce" name="prop_trans_inc_dens_ce_works_as_expected"/>
  </testsuite>
</testsuites>
